0 info it worked if it ends with ok
1 verbose cli [ '/usr/bin/nodejs',
1 verbose cli   '/usr/bin/npm',
1 verbose cli   'install',
1 verbose cli   '-g',
1 verbose cli   'http-server' ]
2 info using npm@1.3.10
3 info using node@v0.10.25
4 verbose cache add [ 'http-server', null ]
5 verbose cache add name=undefined spec="http-server" args=["http-server",null]
6 verbose parsed url { protocol: null,
6 verbose parsed url   slashes: null,
6 verbose parsed url   auth: null,
6 verbose parsed url   host: null,
6 verbose parsed url   port: null,
6 verbose parsed url   hostname: null,
6 verbose parsed url   hash: null,
6 verbose parsed url   search: null,
6 verbose parsed url   query: null,
6 verbose parsed url   pathname: 'http-server',
6 verbose parsed url   path: 'http-server',
6 verbose parsed url   href: 'http-server' }
7 silly lockFile ed608307-http-server http-server
8 verbose lock http-server /home/ubuntu/.npm/ed608307-http-server.lock
9 silly lockFile ed608307-http-server http-server
10 silly lockFile ed608307-http-server http-server
11 verbose addNamed [ 'http-server', '' ]
12 verbose addNamed [ null, '*' ]
13 silly lockFile 550353c6-http-server http-server@
14 verbose lock http-server@ /home/ubuntu/.npm/550353c6-http-server.lock
15 silly addNameRange { name: 'http-server', range: '*', hasData: false }
16 verbose url raw http-server
17 verbose url resolving [ 'https://registry.npmjs.org/', './http-server' ]
18 verbose url resolved https://registry.npmjs.org/http-server
19 info trying registry request attempt 1 at 15:28:51
20 verbose etag "88c7eb9b5d017bae768275a06cb5c93f"
21 http GET https://registry.npmjs.org/http-server
22 http 304 https://registry.npmjs.org/http-server
23 silly registry.get cb [ 304,
23 silly registry.get   { date: 'Mon, 25 Mar 2019 10:05:50 GMT',
23 silly registry.get     connection: 'keep-alive',
23 silly registry.get     'set-cookie': [ '__cfduid=d6b667b64191df09bc5a8b1b412bff80a1553508350; expires=Tue, 24-Mar-20 10:05:50 GMT; path=/; domain=.registry.npmjs.org; HttpOnly' ],
23 silly registry.get     'cf-cache-status': 'HIT',
23 silly registry.get     'cache-control': 'max-age=300',
23 silly registry.get     'cf-ray': '4bd011983a85ab1e-MAA',
23 silly registry.get     etag: '"88c7eb9b5d017bae768275a06cb5c93f"',
23 silly registry.get     'expect-ct': 'max-age=604800, report-uri="https://report-uri.cloudflare.com/cdn-cgi/beacon/expect-ct"',
23 silly registry.get     'last-modified': 'Wed, 13 Feb 2019 03:35:03 GMT',
23 silly registry.get     vary: 'accept-encoding, accept',
23 silly registry.get     'x-amz-meta-rev': '670-d5a99af3ded4c9796ff65c6f157231ea',
23 silly registry.get     server: 'cloudflare' } ]
24 verbose etag http-server from cache
25 silly addNameRange number 2 { name: 'http-server', range: '*', hasData: true }
26 silly addNameRange versions [ 'http-server',
26 silly addNameRange   [ '0.1.0',
26 silly addNameRange     '0.1.1',
26 silly addNameRange     '0.1.3',
26 silly addNameRange     '0.2.1',
26 silly addNameRange     '0.2.2',
26 silly addNameRange     '0.2.3',
26 silly addNameRange     '0.2.4',
26 silly addNameRange     '0.2.5',
26 silly addNameRange     '0.2.6',
26 silly addNameRange     '0.2.9',
26 silly addNameRange     '0.3.0',
26 silly addNameRange     '0.4.0',
26 silly addNameRange     '0.4.1',
26 silly addNameRange     '0.5.0',
26 silly addNameRange     '0.5.1',
26 silly addNameRange     '0.5.2',
26 silly addNameRange     '0.5.3',
26 silly addNameRange     '0.5.5',
26 silly addNameRange     '0.6.0',
26 silly addNameRange     '0.6.1',
26 silly addNameRange     '0.7.0',
26 silly addNameRange     '0.7.1',
26 silly addNameRange     '0.7.2',
26 silly addNameRange     '0.7.3',
26 silly addNameRange     '0.7.4',
26 silly addNameRange     '0.7.5',
26 silly addNameRange     '0.8.0',
26 silly addNameRange     '0.8.1',
26 silly addNameRange     '0.8.2',
26 silly addNameRange     '0.8.3',
26 silly addNameRange     '0.8.4',
26 silly addNameRange     '0.8.5',
26 silly addNameRange     '0.9.0',
26 silly addNameRange     '0.10.0',
26 silly addNameRange     '0.11.0',
26 silly addNameRange     '0.11.1' ] ]
27 verbose addNamed [ 'http-server', '0.11.1' ]
28 verbose addNamed [ '0.11.1', '0.11.1' ]
29 silly lockFile 47b1d4bd-http-server-0-11-1 http-server@0.11.1
30 verbose lock http-server@0.11.1 /home/ubuntu/.npm/47b1d4bd-http-server-0-11-1.lock
31 silly lockFile 47b1d4bd-http-server-0-11-1 http-server@0.11.1
32 silly lockFile 47b1d4bd-http-server-0-11-1 http-server@0.11.1
33 silly lockFile 550353c6-http-server http-server@
34 silly lockFile 550353c6-http-server http-server@
35 silly resolved [ { name: 'http-server',
35 silly resolved     version: '0.11.1',
35 silly resolved     description: 'A simple zero-configuration command-line http server',
35 silly resolved     main: './lib/http-server',
35 silly resolved     repository:
35 silly resolved      { type: 'git',
35 silly resolved        url: 'git://github.com/indexzero/http-server.git' },
35 silly resolved     keywords: [ 'cli', 'command' ],
35 silly resolved     scripts:
35 silly resolved      { start: 'node ./bin/http-server',
35 silly resolved        pretest: 'common bin/http-server lib/ test',
35 silly resolved        test: 'vows --spec --isolate' },
35 silly resolved     files: [ 'lib', 'bin' ],
35 silly resolved     contributors:
35 silly resolved      [ [Object],
35 silly resolved        [Object],
35 silly resolved        [Object],
35 silly resolved        [Object],
35 silly resolved        [Object],
35 silly resolved        [Object],
35 silly resolved        [Object],
35 silly resolved        [Object],
35 silly resolved        [Object],
35 silly resolved        [Object],
35 silly resolved        [Object] ],
35 silly resolved     dependencies:
35 silly resolved      { colors: '1.0.3',
35 silly resolved        corser: '~2.0.0',
35 silly resolved        ecstatic: '^3.0.0',
35 silly resolved        'http-proxy': '^1.8.1',
35 silly resolved        opener: '~1.4.0',
35 silly resolved        optimist: '0.6.x',
35 silly resolved        portfinder: '^1.0.13',
35 silly resolved        union: '~0.4.3' },
35 silly resolved     devDependencies: { 'common-style': '^3.0.0', request: '2.49.x', vows: '0.7.x' },
35 silly resolved     bugs: { url: 'https://github.com/nodeapps/http-server/issues' },
35 silly resolved     license: 'MIT',
35 silly resolved     preferGlobal: 'true',
35 silly resolved     bin: { 'http-server': './bin/http-server', hs: './bin/http-server' },
35 silly resolved     readme: '[![build status](https://img.shields.io/travis/indexzero/http-server.svg?style=flat-square)](https://travis-ci.org/indexzero/http-server)\r\n[![dependencies status](https://img.shields.io/david/indexzero/http-server.svg?style=flat-square)](https://david-dm.org/indexzero/http-server)\r\n[![npm](https://img.shields.io/npm/v/http-server.svg?style=flat-square)](https://www.npmjs.com/package/http-server)\r\n[![license](https://img.shields.io/github/license/indexzero/http-server.svg?style=flat-square)](https://github.com/indexzero/http-server)\r\n\r\n# http-server: a command-line http server\r\n\r\n`http-server` is a simple, zero-configuration command-line http server.  It is powerful enough for production usage, but it\'s simple and hackable enough to be used for testing, local development, and learning.\r\n\r\n![](https://github.com/nodeapps/http-server/raw/master/screenshots/public.png)\r\n\r\n# Installing globally:\r\n\r\nInstallation via `npm`:\r\n\r\n     npm install http-server -g\r\n\r\nThis will install `http-server` globally so that it may be run from the command line.\r\n\r\n## Usage:\r\n\r\n     http-server [path] [options]\r\n\r\n`[path]` defaults to `./public` if the folder exists, and `./` otherwise.\r\n\r\n*Now you can visit http://localhost:8080 to view your server*\r\n\r\n## Available Options:\r\n\r\n`-p` Port to use (defaults to 8080)\r\n\r\n`-a` Address to use (defaults to 0.0.0.0)\r\n\r\n`-d` Show directory listings (defaults to \'True\')\r\n\r\n`-i` Display autoIndex (defaults to \'True\')\r\n\r\n`-g` or `--gzip` When enabled (defaults to \'False\') it will serve `./public/some-file.js.gz` in place of `./public/some-file.js` when a gzipped version of the file exists and the request accepts gzip encoding.\r\n\r\n`-e` or `--ext` Default file extension if none supplied (defaults to \'html\')\r\n\r\n`-s` or `--silent` Suppress log messages from output\r\n\r\n`--cors` Enable CORS via the `Access-Control-Allow-Origin` header\r\n\r\n`-o` Open browser window after starting the server\r\n\r\n`-c` Set cache time (in seconds) for cache-control max-age header, e.g. -c10 for 10 seconds (defaults to \'3600\'). To disable caching, use -c-1.\r\n\r\n`-U` or `--utc` Use UTC time format in log messages.\r\n\r\n`-P` or `--proxy` Proxies all requests which can\'t be resolved locally to the given url. e.g.: -P http://someurl.com\r\n\r\n`-S` or `--ssl` Enable https.\r\n\r\n`-C` or `--cert` Path to ssl cert file (default: cert.pem).\r\n\r\n`-K` or `--key` Path to ssl key file (default: key.pem).\r\n\r\n`-r` or `--robots` Provide a /robots.txt (whose content defaults to \'User-agent: *\\nDisallow: /\')\r\n\r\n`-h` or `--help` Print this list and exit.\r\n\r\n# Development\r\n\r\nCheckout this repository locally, then:\r\n\r\n```sh\r\n$ npm i\r\n$ node bin/http-server\r\n```\r\n\r\n*Now you can visit http://localhost:8080 to view your server*\r\n\r\nYou should see the turtle image in the screenshot above hosted at that URL. See\r\nthe `./public` folder for demo content.\r\n',
35 silly resolved     readmeFilename: 'README.md',
35 silly resolved     _id: 'http-server@0.11.1',
35 silly resolved     _from: 'http-server@' } ]
36 info install http-server@0.11.1 into /usr/local/lib
37 info installOne http-server@0.11.1
38 info /usr/local/lib/node_modules/http-server unbuild
39 info preuninstall http-server@0.11.1
40 info uninstall http-server@0.11.1
41 verbose true,/usr/local/lib/node_modules,/usr/local/lib/node_modules unbuild http-server@0.11.1
42 verbose /usr/local/bin,[object Object] binRoot
43 info /usr/local/lib/node_modules/http-server unbuild
44 info preuninstall http-server@0.11.1
45 info uninstall http-server@0.11.1
46 verbose true,/usr/local/lib/node_modules,/usr/local/lib/node_modules unbuild http-server@0.11.1
47 verbose /usr/local/bin,[object Object] binRoot
48 error error rolling back Error: EACCES, unlink '/usr/local/bin/http-server'
48 error error rolling back  http-server@0.11.1 { [Error: EACCES, unlink '/usr/local/bin/http-server'] errno: 3, code: 'EACCES', path: '/usr/local/bin/http-server' }
49 error Error: EACCES, unlink '/usr/local/bin/http-server'
49 error  { [Error: EACCES, unlink '/usr/local/bin/http-server'] errno: 3, code: 'EACCES', path: '/usr/local/bin/http-server' }
50 error Please try running this command again as root/Administrator.
51 error System Linux 3.19.0-30-generic
52 error command "/usr/bin/nodejs" "/usr/bin/npm" "install" "-g" "http-server"
53 error cwd /home/ubuntu/Manas/html_css
54 error node -v v0.10.25
55 error npm -v 1.3.10
56 error path /usr/local/bin/http-server
57 error code EACCES
58 error errno 3
59 error stack Error: EACCES, unlink '/usr/local/bin/http-server'
60 verbose exit [ 3, true ]
